<?xml version="1.0" encoding="UTF-8"?>
<testsuite xmlns:xsi="http://www.w3.org/2001/XMLSchema-instance" xsi:noNamespaceSchemaLocation="https://maven.apache.org/surefire/maven-surefire-plugin/xsd/surefire-test-report-3.0.xsd" version="3.0" name="ShipmentSchedulerTest" time="0.084" tests="4" errors="0" skipped="0" failures="0">
  <properties>
[...]
</properties>
  <testcase name="testInvalidSchedule" classname="ShipmentSchedulerTest" time="0.041"/>
  <testcase name="testNoConflict" classname="ShipmentSchedulerTest" time="0.0"/>
  <testcase name="testValidSchedule" classname="ShipmentSchedulerTest" time="0.009"/>
  <testcase name="testConflictDetection" classname="ShipmentSchedulerTest" time="0.0"/>
</testsuite>